----------------------------------------------------------------
Fri Dec 22 09:08:52 CET 2023:
Booting Derby version The Apache Software Foundation - Apache Derby - 10.16.1.1 - (1901046): instance a816c00e-018c-9091-e21d-000001c2bcc0 
on database directory memory:C:\Users\elpav\Desktop\FULLSTACK\GarageApp\Spring\garageapp\81176e3b-be95-4dc0-b5d0-ec59eb6ba0d1 with class loader jdk.internal.loader.ClassLoaders$AppClassLoader@76ed5528 
Loaded from file:/C:/Users/elpav/.m2/repository/org/apache/derby/derby/10.16.1.1/derby-10.16.1.1.jar
java.vendor=Oracle Corporation
java.runtime.version=20.0.1+9-29
user.dir=C:\Users\elpav\Desktop\FULLSTACK\GarageApp\Spring\garageapp
os.name=Windows 11
os.arch=amd64
os.version=10.0
derby.system.home=null
Database Class Loader started - derby.database.classpath=''
----------------------------------------------------------------
Fri Dec 22 09:20:30 CET 2023:
Shutting down instance a816c00e-018c-9091-e21d-000001c2bcc0 on database directory memory:C:\Users\elpav\Desktop\FULLSTACK\GarageApp\Spring\garageapp\81176e3b-be95-4dc0-b5d0-ec59eb6ba0d1 with class loader jdk.internal.loader.ClassLoaders$AppClassLoader@76ed5528 
----------------------------------------------------------------
Fri Dec 22 09:20:32 CET 2023:
Booting Derby version The Apache Software Foundation - Apache Derby - 10.16.1.1 - (1901046): instance 46f7c11b-018c-9091-e21d-000001c2bcc0 
on database directory memory:C:\Users\elpav\Desktop\FULLSTACK\GarageApp\Spring\garageapp\550fd41f-7f03-47ee-8334-e1c84c374d02 with class loader jdk.internal.loader.ClassLoaders$AppClassLoader@76ed5528 
Loaded from file:/C:/Users/elpav/.m2/repository/org/apache/derby/derby/10.16.1.1/derby-10.16.1.1.jar
java.vendor=Oracle Corporation
java.runtime.version=20.0.1+9-29
user.dir=C:\Users\elpav\Desktop\FULLSTACK\GarageApp\Spring\garageapp
os.name=Windows 11
os.arch=amd64
os.version=10.0
derby.system.home=null
Database Class Loader started - derby.database.classpath=''
----------------------------------------------------------------
Fri Dec 22 09:20:36 CET 2023:
Shutting down instance 46f7c11b-018c-9091-e21d-000001c2bcc0 on database directory memory:C:\Users\elpav\Desktop\FULLSTACK\GarageApp\Spring\garageapp\550fd41f-7f03-47ee-8334-e1c84c374d02 with class loader jdk.internal.loader.ClassLoaders$AppClassLoader@76ed5528 
----------------------------------------------------------------
Fri Dec 22 09:20:37 CET 2023:
Booting Derby version The Apache Software Foundation - Apache Derby - 10.16.1.1 - (1901046): instance a61e821c-018c-9091-e21d-000001c2bcc0 
on database directory memory:C:\Users\elpav\Desktop\FULLSTACK\GarageApp\Spring\garageapp\e3dc2484-0644-4ea6-b3ce-765e72317b74 with class loader jdk.internal.loader.ClassLoaders$AppClassLoader@76ed5528 
Loaded from file:/C:/Users/elpav/.m2/repository/org/apache/derby/derby/10.16.1.1/derby-10.16.1.1.jar
java.vendor=Oracle Corporation
java.runtime.version=20.0.1+9-29
user.dir=C:\Users\elpav\Desktop\FULLSTACK\GarageApp\Spring\garageapp
os.name=Windows 11
os.arch=amd64
os.version=10.0
derby.system.home=null
Database Class Loader started - derby.database.classpath=''
